2018-04-10 10:04:47,679 - mtga_watch - DEBUG - loading settings
2018-04-10 10:04:47,994 - mtga_watch - DEBUG - queue put from settings 1744154723440
2018-04-10 10:06:13,298 - mtga_watch - DEBUG - deck UG Fish is being saved
2018-04-10 10:06:13,299 - mtga_watch - DEBUG - saving settings
2018-04-10 10:06:13,310 - mtga_watch - DEBUG - queue put from settings 1744154723440
2018-04-10 10:06:13,325 - mtga_watch - DEBUG - deck PROFAAAANE PROCESSION is being saved
2018-04-10 10:06:13,325 - mtga_watch - DEBUG - saving settings
2018-04-10 10:06:13,343 - mtga_watch - DEBUG - queue put from settings 1744154723440
2018-04-10 10:06:13,352 - mtga_watch - DEBUG - deck SUPER cool deck is being saved
2018-04-10 10:06:13,352 - mtga_watch - DEBUG - saving settings
2018-04-10 10:06:13,385 - mtga_watch - DEBUG - queue put from settings 1744154723440
2018-04-10 10:06:13,386 - mtga_watch - DEBUG - deck Colorless Elves is being saved
2018-04-10 10:06:13,387 - mtga_watch - DEBUG - saving settings
2018-04-10 10:06:13,405 - mtga_watch - DEBUG - queue put from settings 1744154723440
2018-04-10 10:06:13,405 - mtga_watch - DEBUG - deck Rats Rats Rats is being saved
2018-04-10 10:06:13,407 - mtga_watch - DEBUG - saving settings
2018-04-10 10:06:13,425 - mtga_watch - DEBUG - queue put from settings 1744154723440
2018-04-10 10:06:13,426 - mtga_watch - DEBUG - deck "Call Me Maybe" is being saved
2018-04-10 10:06:13,426 - mtga_watch - DEBUG - saving settings
2018-04-10 10:06:13,443 - mtga_watch - DEBUG - queue put from settings 1744154723440
2018-04-10 10:06:13,444 - mtga_watch - DEBUG - deck no lands, scoop is being saved
2018-04-10 10:06:13,444 - mtga_watch - DEBUG - saving settings
2018-04-10 10:06:13,460 - mtga_watch - DEBUG - queue put from settings 1744154723440
2018-04-10 10:06:13,461 - mtga_watch - DEBUG - deck Is that a deck? is being saved
2018-04-10 10:06:13,461 - mtga_watch - DEBUG - saving settings
2018-04-10 10:06:13,482 - mtga_watch - DEBUG - queue put from settings 1744154723440
2018-04-10 10:06:13,482 - mtga_watch - DEBUG - deck New Deck is being saved
2018-04-10 10:06:13,482 - mtga_watch - DEBUG - saving settings
2018-04-10 10:06:13,505 - mtga_watch - DEBUG - queue put from settings 1744154723440
2018-04-10 10:06:13,506 - mtga_watch - DEBUG - deck Old Deck is being saved
2018-04-10 10:06:13,506 - mtga_watch - DEBUG - saving settings
2018-04-10 10:06:13,523 - mtga_watch - DEBUG - queue put from settings 1744154723440
2018-04-10 10:06:13,543 - mtga_watch - DEBUG - deck get wrekt is being saved
2018-04-10 10:06:13,543 - mtga_watch - DEBUG - saving settings
2018-04-10 10:06:13,565 - mtga_watch - DEBUG - queue put from settings 1744154723440
2018-04-10 10:06:20,552 - mtga_watch - DEBUG - deck UG Fish is being saved
2018-04-10 10:06:20,552 - mtga_watch - DEBUG - saving settings
2018-04-10 10:06:20,565 - mtga_watch - DEBUG - queue put from settings 1744154723440
2018-04-10 10:06:20,581 - mtga_watch - DEBUG - deck PROFAAAANE PROCESSION is being saved
2018-04-10 10:06:20,581 - mtga_watch - DEBUG - saving settings
2018-04-10 10:06:20,599 - mtga_watch - DEBUG - queue put from settings 1744154723440
2018-04-10 10:06:20,601 - mtga_watch - DEBUG - deck SUPER cool deck is being saved
2018-04-10 10:06:20,601 - mtga_watch - DEBUG - saving settings
2018-04-10 10:06:20,620 - mtga_watch - DEBUG - queue put from settings 1744154723440
2018-04-10 10:06:20,621 - mtga_watch - DEBUG - deck Colorless Elves is being saved
2018-04-10 10:06:20,621 - mtga_watch - DEBUG - saving settings
2018-04-10 10:06:20,639 - mtga_watch - DEBUG - queue put from settings 1744154723440
2018-04-10 10:06:20,639 - mtga_watch - DEBUG - deck Rats Rats Rats is being saved
2018-04-10 10:06:20,639 - mtga_watch - DEBUG - saving settings
2018-04-10 10:06:20,656 - mtga_watch - DEBUG - queue put from settings 1744154723440
2018-04-10 10:06:20,657 - mtga_watch - DEBUG - deck "Call Me Maybe" is being saved
2018-04-10 10:06:20,657 - mtga_watch - DEBUG - saving settings
2018-04-10 10:06:20,674 - mtga_watch - DEBUG - queue put from settings 1744154723440
2018-04-10 10:06:20,674 - mtga_watch - DEBUG - deck no lands, scoop is being saved
2018-04-10 10:06:20,674 - mtga_watch - DEBUG - saving settings
2018-04-10 10:06:20,691 - mtga_watch - DEBUG - queue put from settings 1744154723440
2018-04-10 10:06:20,691 - mtga_watch - DEBUG - deck Is that a deck? is being saved
2018-04-10 10:06:20,691 - mtga_watch - DEBUG - saving settings
2018-04-10 10:06:20,708 - mtga_watch - DEBUG - queue put from settings 1744154723440
2018-04-10 10:06:20,708 - mtga_watch - DEBUG - deck New Deck is being saved
2018-04-10 10:06:20,708 - mtga_watch - DEBUG - saving settings
2018-04-10 10:06:20,724 - mtga_watch - DEBUG - queue put from settings 1744154723440
2018-04-10 10:06:20,724 - mtga_watch - DEBUG - deck Old Deck is being saved
2018-04-10 10:06:20,725 - mtga_watch - DEBUG - saving settings
2018-04-10 10:06:20,741 - mtga_watch - DEBUG - queue put from settings 1744154723440
2018-04-10 10:06:20,760 - mtga_watch - DEBUG - deck get wrekt is being saved
2018-04-10 10:06:20,760 - mtga_watch - DEBUG - saving settings
2018-04-10 10:06:20,783 - mtga_watch - DEBUG - queue put from settings 1744154723440
2018-04-10 10:06:52,024 - mtga_watch - INFO - WARNING: unknown clientToGreMessage type: ClientMessageType_GetSettingsReq
2018-04-10 10:06:52,027 - mtga_watch - INFO - WARNING: unknown clientToGreMessage type: ClientMessageType_ChooseStartingPlayerResp
2018-04-10 10:07:46,489 - mtga_watch - INFO - WARNING: unknown clientToGreMessage type: ClientMessageType_DeclareAttackersResp
2018-04-10 10:09:04,044 - mtga_watch - INFO - WARNING: unknown clientToGreMessage type: ClientMessageType_DeclareAttackersResp
2018-04-10 10:09:56,540 - mtga_watch - INFO - WARNING: unknown clientToGreMessage type: ClientMessageType_CancelActionReq
2018-04-10 10:10:01,920 - mtga_watch - INFO - WARNING: unknown clientToGreMessage type: ClientMessageType_DeclareAttackersResp
2018-04-10 10:10:40,859 - mtga_watch - INFO - WARNING: unknown clientToGreMessage type: ClientMessageType_SubmitBlockersReq
2018-04-10 10:11:08,871 - mtga_watch - INFO - WARNING: unknown clientToGreMessage type: ClientMessageType_DeclareAttackersResp
2018-04-10 10:12:55,809 - mtga_watch - INFO - WARNING: unknown clientToGreMessage type: ClientMessageType_OptionalActionResp
2018-04-10 10:13:02,044 - mtga_watch - INFO - WARNING: unknown clientToGreMessage type: ClientMessageType_DeclareAttackersResp
2018-04-10 10:13:13,499 - mtga_watch - ERROR - Exception @ count 0
2018-04-10 10:13:13,500 - mtga_watch - ERROR - Traceback (most recent call last):
  File "app\tasks.py", line 113, in json_blob_reader_task
  File "app\dispatchers.py", line 11, in dispatch_blob
  File "app\dispatchers.py", line 56, in dispatch_gre_to_client
  File "app\parsers.py", line 82, in parse_game_state_message
  File "app\models\set.py", line 133, in match_game_id_to_card
Exception: WHOA. tried to match iid 373 to 66935, but already has card 66933

2018-04-10 10:13:13,500 - mtga_watch - ERROR - ['  File "threading.py", line 884, in _bootstrap\n', '  File "threading.py", line 916, in _bootstrap_inner\n', '  File "threading.py", line 864, in run\n', '  File "app\\tasks.py", line 129, in json_blob_reader_task\n']
2018-04-10 10:13:24,830 - mtga_watch - ERROR - Exception @ count 1
2018-04-10 10:13:24,830 - mtga_watch - ERROR - Traceback (most recent call last):
  File "app\tasks.py", line 113, in json_blob_reader_task
  File "app\dispatchers.py", line 11, in dispatch_blob
  File "app\dispatchers.py", line 56, in dispatch_gre_to_client
  File "app\parsers.py", line 82, in parse_game_state_message
  File "app\models\set.py", line 133, in match_game_id_to_card
Exception: WHOA. tried to match iid 373 to 66935, but already has card 66933

2018-04-10 10:13:24,831 - mtga_watch - ERROR - ['  File "threading.py", line 884, in _bootstrap\n', '  File "threading.py", line 916, in _bootstrap_inner\n', '  File "threading.py", line 864, in run\n', '  File "app\\tasks.py", line 129, in json_blob_reader_task\n']
2018-04-10 10:13:42,575 - mtga_watch - ERROR - Exception @ count 2
2018-04-10 10:13:42,575 - mtga_watch - ERROR - Traceback (most recent call last):
  File "app\tasks.py", line 113, in json_blob_reader_task
  File "app\dispatchers.py", line 11, in dispatch_blob
  File "app\dispatchers.py", line 56, in dispatch_gre_to_client
  File "app\parsers.py", line 82, in parse_game_state_message
  File "app\models\set.py", line 133, in match_game_id_to_card
Exception: WHOA. tried to match iid 373 to 66935, but already has card 66933

2018-04-10 10:13:42,576 - mtga_watch - ERROR - ['  File "threading.py", line 884, in _bootstrap\n', '  File "threading.py", line 916, in _bootstrap_inner\n', '  File "threading.py", line 864, in run\n', '  File "app\\tasks.py", line 129, in json_blob_reader_task\n']
2018-04-10 10:13:53,808 - mtga_watch - INFO - WARNING: unknown clientToGreMessage type: ClientMessageType_DeclareBlockersResp
2018-04-10 10:13:55,899 - mtga_watch - INFO - WARNING: unknown clientToGreMessage type: ClientMessageType_DeclareBlockersResp
2018-04-10 10:14:02,026 - mtga_watch - INFO - WARNING: unknown clientToGreMessage type: ClientMessageType_DeclareBlockersResp
2018-04-10 10:14:03,104 - mtga_watch - INFO - WARNING: unknown clientToGreMessage type: ClientMessageType_SubmitBlockersReq
2018-04-10 10:14:13,368 - mtga_watch - INFO - WARNING: unknown clientToGreMessage type: ClientMessageType_ConcedeReq
2018-04-10 10:14:26,745 - mtga_watch - DEBUG - deck UG Fish is being saved
2018-04-10 10:14:26,746 - mtga_watch - DEBUG - saving settings
2018-04-10 10:14:26,757 - mtga_watch - DEBUG - queue put from settings 1744154723440
2018-04-10 10:14:26,770 - mtga_watch - DEBUG - deck PROFAAAANE PROCESSION is being saved
2018-04-10 10:14:26,771 - mtga_watch - DEBUG - saving settings
2018-04-10 10:14:26,786 - mtga_watch - DEBUG - queue put from settings 1744154723440
2018-04-10 10:14:26,787 - mtga_watch - DEBUG - deck SUPER cool deck is being saved
2018-04-10 10:14:26,787 - mtga_watch - DEBUG - saving settings
2018-04-10 10:14:26,804 - mtga_watch - DEBUG - queue put from settings 1744154723440
2018-04-10 10:14:26,805 - mtga_watch - DEBUG - deck Colorless Elves is being saved
2018-04-10 10:14:26,806 - mtga_watch - DEBUG - saving settings
2018-04-10 10:14:26,823 - mtga_watch - DEBUG - queue put from settings 1744154723440
2018-04-10 10:14:26,825 - mtga_watch - DEBUG - deck Rats Rats Rats is being saved
2018-04-10 10:14:26,825 - mtga_watch - DEBUG - saving settings
2018-04-10 10:14:26,841 - mtga_watch - DEBUG - queue put from settings 1744154723440
2018-04-10 10:14:26,842 - mtga_watch - DEBUG - deck "Call Me Maybe" is being saved
2018-04-10 10:14:26,842 - mtga_watch - DEBUG - saving settings
2018-04-10 10:14:26,858 - mtga_watch - DEBUG - queue put from settings 1744154723440
2018-04-10 10:14:26,859 - mtga_watch - DEBUG - deck no lands, scoop is being saved
2018-04-10 10:14:26,859 - mtga_watch - DEBUG - saving settings
2018-04-10 10:14:26,876 - mtga_watch - DEBUG - queue put from settings 1744154723440
2018-04-10 10:14:26,877 - mtga_watch - DEBUG - deck Is that a deck? is being saved
2018-04-10 10:14:26,877 - mtga_watch - DEBUG - saving settings
2018-04-10 10:14:26,894 - mtga_watch - DEBUG - queue put from settings 1744154723440
2018-04-10 10:14:26,895 - mtga_watch - DEBUG - deck New Deck is being saved
2018-04-10 10:14:26,895 - mtga_watch - DEBUG - saving settings
2018-04-10 10:14:26,914 - mtga_watch - DEBUG - queue put from settings 1744154723440
2018-04-10 10:14:26,915 - mtga_watch - DEBUG - deck Old Deck is being saved
2018-04-10 10:14:26,915 - mtga_watch - DEBUG - saving settings
2018-04-10 10:14:26,930 - mtga_watch - DEBUG - queue put from settings 1744154723440
2018-04-10 10:14:26,950 - mtga_watch - DEBUG - deck get wrekt is being saved
2018-04-10 10:14:26,950 - mtga_watch - DEBUG - saving settings
2018-04-10 10:14:26,970 - mtga_watch - DEBUG - queue put from settings 1744154723440
2018-04-10 10:14:37,271 - mtga_watch - INFO - WARNING: unknown clientToGreMessage type: ClientMessageType_GetSettingsReq
2018-04-10 10:16:00,283 - mtga_watch - INFO - WARNING: unknown clientToGreMessage type: ClientMessageType_DeclareAttackersResp
2018-04-10 10:16:48,850 - mtga_watch - INFO - WARNING: unknown clientToGreMessage type: ClientMessageType_DeclareAttackersResp
2018-04-10 10:17:43,606 - mtga_watch - INFO - WARNING: unknown clientToGreMessage type: ClientMessageType_DeclareAttackersResp
2018-04-10 10:18:28,827 - mtga_watch - INFO - WARNING: unknown clientToGreMessage type: ClientMessageType_CastingTimeOptionsResp
2018-04-10 10:18:44,860 - mtga_watch - INFO - WARNING: unknown clientToGreMessage type: ClientMessageType_DeclareAttackersResp
2018-04-10 10:19:40,307 - mtga_watch - INFO - WARNING: unknown clientToGreMessage type: ClientMessageType_SubmitBlockersReq
2018-04-10 10:19:50,964 - mtga_watch - INFO - WARNING: unknown clientToGreMessage type: ClientMessageType_DeclareAttackersResp
2018-04-10 10:19:53,035 - mtga_watch - INFO - WARNING: unknown clientToGreMessage type: ClientMessageType_DeclareAttackersResp
2018-04-10 10:20:02,104 - mtga_watch - INFO - WARNING: unknown clientToGreMessage type: ClientMessageType_DeclareAttackersResp
2018-04-10 10:21:12,538 - mtga_watch - INFO - WARNING: unknown clientToGreMessage type: ClientMessageType_DeclareBlockersResp
2018-04-10 10:21:15,583 - mtga_watch - INFO - WARNING: unknown clientToGreMessage type: ClientMessageType_SubmitBlockersReq
2018-04-10 10:22:34,133 - mtga_watch - INFO - WARNING: unknown clientToGreMessage type: ClientMessageType_ConcedeReq
